Copyright 1986-2020 Xilinx, Inc. All Rights Reserved.
------------------------------------------------------------------------------------
| Tool Version : Vivado v.2020.2 (win64) Build 3064766 Wed Nov 18 09:12:45 MST 2020
| Date         : Wed May  4 19:07:57 2022
| Host         : David-Spectre running 64-bit major release  (build 9200)
| Command      : report_control_sets -verbose -file newtop_control_sets_placed.rpt
| Design       : newtop
| Device       : xc7a50ti
------------------------------------------------------------------------------------

Control Set Information

Table of Contents
-----------------
1. Summary
2. Histogram
3. Flip-Flop Distribution
4. Detailed Control Set Information

1. Summary
----------

+----------------------------------------------------------+-------+
|                          Status                          | Count |
+----------------------------------------------------------+-------+
| Total control sets                                       |     6 |
|    Minimum number of control sets                        |     6 |
|    Addition due to synthesis replication                 |     0 |
|    Addition due to physical synthesis replication        |     0 |
| Unused register locations in slices containing registers |    26 |
+----------------------------------------------------------+-------+
* Control sets can be merged at opt_design using control_set_merge or merge_equivalent_drivers
** Run report_qor_suggestions for automated merging and remapping suggestions


2. Histogram
------------

+--------------------+-------+
|       Fanout       | Count |
+--------------------+-------+
| Total control sets |     6 |
| >= 0 to < 4        |     1 |
| >= 4 to < 6        |     0 |
| >= 6 to < 8        |     0 |
| >= 8 to < 10       |     0 |
| >= 10 to < 12      |     0 |
| >= 12 to < 14      |     0 |
| >= 14 to < 16      |     0 |
| >= 16              |     5 |
+--------------------+-------+
* Control sets can be remapped at either synth_design or opt_design


3. Flip-Flop Distribution
-------------------------

+--------------+-----------------------+------------------------+-----------------+--------------+
| Clock Enable | Synchronous Set/Reset | Asynchronous Set/Reset | Total Registers | Total Slices |
+--------------+-----------------------+------------------------+-----------------+--------------+
| No           | No                    | No                     |               1 |            1 |
| No           | No                    | Yes                    |               0 |            0 |
| No           | Yes                   | No                     |              79 |           22 |
| Yes          | No                    | No                     |               9 |            3 |
| Yes          | No                    | Yes                    |               0 |            0 |
| Yes          | Yes                   | No                     |             101 |           16 |
+--------------+-----------------------+------------------------+-----------------+--------------+


4. Detailed Control Set Information
-----------------------------------

+----------------------+------------------------+------------------------------------------+------------------+----------------+--------------+
|     Clock Signal     |      Enable Signal     |             Set/Reset Signal             | Slice Load Count | Bel Load Count | Bels / Slice |
+----------------------+------------------------+------------------------------------------+------------------+----------------+--------------+
|  CLK100MHZ_IBUF_BUFG |                        |                                          |                1 |              1 |         1.00 |
|  CLK100MHZ_IBUF_BUFG |                        | BTNC_IBUF                                |                6 |             17 |         2.83 |
|  CLK100MHZ_IBUF_BUFG | move/clk_en0/code[1]_0 |                                          |                3 |             18 |         6.00 |
|  CLK100MHZ_IBUF_BUFG |                        | move/clk_en0/s_cnt_local[0]_i_1_n_0      |                8 |             31 |         3.88 |
|  CLK100MHZ_IBUF_BUFG |                        | driver/clk_en0/s_cnt_local[0]_i_1__0_n_0 |                8 |             31 |         3.88 |
|  CLK100MHZ_IBUF_BUFG | move/clk_en0/code[1]_0 | BTND_IBUF                                |               16 |            101 |         6.31 |
+----------------------+------------------------+------------------------------------------+------------------+----------------+--------------+


